============================================================
  Generated by:           Genus(TM) Synthesis Solution 21.14-s082_1
  Generated on:           Jul 18 2024  12:43:40 pm
  Module:                 voting_machine
  Operating conditions:   PVT_0P9V_125C (balanced_tree)
  Wireload mode:          enclosed
  Area mode:              timing library
============================================================


Path 1: MET (8698 ps) Setup Check with Pin vote_3_reg[7]/CK->D
          Group: clk
     Startpoint: (R) vote_3_reg[0]/CK
          Clock: (R) clk
       Endpoint: (R) vote_3_reg[7]/D
          Clock: (R) clk

                     Capture       Launch     
        Clock Edge:+   10000            0     
       Src Latency:+       0            0     
       Net Latency:+       0 (I)        0 (I) 
           Arrival:=   10000            0     
                                              
             Setup:-      96                  
       Uncertainty:-      10                  
     Required Time:=    9894                  
      Launch Clock:-       0                  
         Data Path:-    1196                  
             Slack:=    8698                  

#-----------------------------------------------------------------------------------------
#  Timing Point    Flags   Arc   Edge   Cell     Fanout Load Trans Delay Arrival Instance 
#                                                       (fF)  (ps)  (ps)   (ps)  Location 
#-----------------------------------------------------------------------------------------
  vote_3_reg[0]/CK -       -     R     (arrival)     28    -   100     0       0    (-,-) 
  vote_3_reg[0]/Q  -       CK->Q R     DFFHQX1        3  1.0    31   230     230    (-,-) 
  g1081__4319/Y    -       B->Y  F     NAND2X1        3  0.9    84    73     304    (-,-) 
  g1073__7410/Y    -       A->Y  R     NOR2X1         3  1.0    73    99     402    (-,-) 
  g1030__9945/Y    -       A->Y  F     NAND2X1        3  0.9    86   105     507    (-,-) 
  g1018__7410/Y    -       A->Y  R     NOR2X1         3  1.0    73   100     607    (-,-) 
  g1010__5526/Y    -       A->Y  F     NAND2X1        3  0.9    86   105     712    (-,-) 
  g997__7410/Y     -       A->Y  R     NOR2X1         3  1.0    73   100     812    (-,-) 
  g989__6161/Y     -       A->Y  F     NAND2X1        2  0.5    65    93     905    (-,-) 
  g976__3680/Y     -       A->Y  R     XNOR2X1        1  0.2    22   207    1112    (-,-) 
  g970__6260/Y     -       AN->Y R     NOR2BX1        1  0.2    34    84    1196    (-,-) 
  vote_3_reg[7]/D  <<<     -     R     DFFQXL         1    -     -     0    1196    (-,-) 
#-----------------------------------------------------------------------------------------

