============================================================
  Generated by:           Genus(TM) Synthesis Solution 21.14-s082_1
  Generated on:           Jul 18 2024  12:43:40 pm
  Module:                 voting_machine
  Operating conditions:   PVT_0P9V_125C (balanced_tree)
  Wireload mode:          enclosed
  Area mode:              timing library
============================================================

Timing
--------

Clock  Period 
--------------
clk   10000.0 


  Cost    Critical         Violating 
 Group   Path Slack  TNS     Paths   
-------------------------------------
clk          8697.8   0.0          0 
default    No paths   0.0            
-------------------------------------
Total                 0.0          0 

Instance Count
--------------
Leaf Instance Count             127 
Physical Instance count           0 
Sequential Instance Count        28 
Combinational Instance Count     99 
Hierarchical Instance Count       0 

Area
----
Cell Area                          282.834
Physical Cell Area                 0.000
Total Cell Area (Cell+Physical)    282.834
Net Area                           0.000
Total Area (Cell+Physical+Net)     282.834

Max Fanout                         28 (clk)
Min Fanout                         1 (next_state[0])
Average Fanout                     2.3
Terms to net ratio                 3.0224
Terms to instance ratio            3.1890
Runtime                            14.604326 seconds
Elapsed Runtime                    129 seconds
Genus peak memory usage            1541.63 
Innovus peak memory usage          no_value 
Hostname                           c8
