
Cadence Innovus(TM) Implementation System.
Copyright 2021 Cadence Design Systems, Inc. All rights reserved worldwide.

Version:	v21.15-s110_1, built Fri Sep 23 13:08:12 PDT 2022
Options:	-stylus -files runPnR.tcl 
Date:		Mon Jul 22 12:38:38 2024
Host:		c8 (x86_64 w/Linux 4.18.0-425.3.1.el8.x86_64) (10cores*12cpus*12th Gen Intel(R) Core(TM) i7-1265U 12288KB)
OS:		Red Hat Enterprise Linux release 8.7 (Ootpa)

License:
		[12:38:41.436633] Configured Lic search path (21.01-s002): 5280@nielit

		invs	Innovus Implementation System	21.1	checkout succeeded
		8 CPU jobs allowed with the current license(s). Use set_multi_cpu_usage to set your required CPU count.


Create and set the environment variable TMPDIR to /tmp/innovus_temp_17874_c8_nilet_vpVZon.

Change the soft stacksize limit to 0.2%RAM (63 mbytes). Set global soft_stack_size_limit to change the value.
[INFO] Loading PVS 22.20 fill procedures

**INFO:  MMMC transition support version v31-84 

#@ Processing -files option
@innovus 1> source runPnR.tcl
#@ Begin verbose source (pre): source runPnR.tcl
@file 1: #######################################################
@file 2: #                                                     
@file 3: #  Innovus Command Logging File                     
@file 4: #  Created on Thu Oct 22 09:51:30 2020                
@file 5: #                                                     
@file 6: #######################################################
@file 7:
@file 8: #@(#)CDS: Innovus v20.10-p004_1 (64bit) 05/07/2020 20:02 (Linux 2.6.32-431.11.2.el6.x86_64)
@file 9: #@(#)CDS: NanoRoute 20.10-p004_1 NR200413-0234/20_10-UB (database version 18.20.505) {superthreading v1.69}
@file 10: #@(#)CDS: AAE 20.10-p005 (64bit) 05/07/2020 (Linux 2.6.32-431.11.2.el6.x86_64)
@file 11: #@(#)CDS: CTE 20.10-p005_1 () Apr 14 2020 09:14:28 ( )
@file 12: #@(#)CDS: SYNTECH 20.10-b004_1 () Mar 12 2020 22:18:21 ( )
@file 13: #@(#)CDS: CPE v20.10-p006
@file 14: #@(#)CDS: IQuantus/TQuantus 19.1.3-s155 (64bit) Sun Nov 3 18:26:52 PST 2019 (Linux 2.6.32-431.11.2.el6.x86_64)
@file 15:
@@file 16: set_db init_netlist_files ../physical_design/voting_machine_netlist_dft.v
@@file 17: set_db init_lef_files {../lef/gsclib045_tech.lef ../lef/gsclib045_macro.lef}
@@file 18: set_db init_power_nets VDD
@@file 19: set_db init_ground_nets VSS
@@file 20: set_db init_mmmc_files  voting_machine.view
@@file 21: read_mmmc voting_machine.view
#@ Begin verbose source voting_machine.view (pre)
@file 1:
@@file 2: create_library_set -name max_timing\
   -timing ../lib/slow_vdd1v0_basicCells.lib
@file 4:
@@file 5: create_library_set -name min_timing\
   -timing ../lib/fast_vdd1v0_basicCells.lib
@file 7:
@@file 8: create_timing_condition -name default_mapping_tc_2\
   -library_sets min_timing
@@file 10: create_timing_condition -name default_mapping_tc_1\
   -library_sets max_timing
@file 12:
@@file 13: create_rc_corner -name rccorners\
   -cap_table ../captable/cln28hpl_1p10m+alrdl_5x2yu2yz_typical.capTbl\
   -pre_route_res 1\
   -post_route_res 1\
   -pre_route_cap 1\
   -post_route_cap 1\
   -post_route_cross_cap 1\
   -pre_route_clock_res 0\
   -pre_route_clock_cap 0\
   -qrc_tech ../QRC_Tech/gpdk045.tch
@file 23:
@@file 24: create_delay_corner -name max_delay\
   -timing_condition {default_mapping_tc_1}\
   -rc_corner rccorners
@@file 27: create_delay_corner -name min_delay\
   -timing_condition {default_mapping_tc_2}\
   -rc_corner rccorners
@file 30:
@@file 31: create_constraint_mode -name sdc_cons\
   -sdc_files\
    voting_machine_sdc.sdc 
**ERROR: (TCLCMD-989):	cannot open SDC file 'voting_machine_sdc.sdc' for mode 'sdc_cons'
**ERROR: (IMPSE-110):	File 'voting_machine.view' line 31: errors out.
#@ End verbose source voting_machine.view

    while executing
"create_constraint_mode -name sdc_cons\
   -sdc_files\
    voting_machine_sdc.sdc "
    (file "voting_machine.view" line 31)
    invoked from within
"::se_source_orig voting_machine.view"
    ("uplevel" body line 1)
    invoked from within
"uplevel [concat ::se_source_orig $args]"
    invoked from within
"if {[::SE::source_verbose_file_state $file_name] == 1} {
              ::SE::source_verbose_start $file_name
              set st [uplevel [concat ::s..."
    invoked from within
"if {$useTclVerbose} {
          # use tcl internal method
          set st ""
          if {[::SE::source_verbose_file_state $file_name] == 1} {
     ..."
    invoked from within
"if {$largeFile == 1} {
    if {$enableVerbose == 0 && [::SE::isEchoFile] == 1} {
      $putCmd "Sourcing $file_name"
    }
    set st [uplevel [concat..."
    (procedure "source" line 157)
    invoked from within
"source voting_machine.view"
    ("uplevel" body line 1)
    invoked from within
"uplevel #0 {source voting_machine.view}"
**ERROR: (IMPSE-110):	File 'runPnR.tcl' line 21: errors out.
#@ End verbose source runPnR.tcl
**ERROR: (IMPSYT-6692):	Invalid return code while executing 'runPnR.tcl' was returned and script processing was stopped. Review the following error in 'runPnR.tcl' then restart.
Error info: runPnR.tcl: 
    while executing
"read_mmmc voting_machine.view"
    (file "runPnR.tcl" line 21)
    invoked from within
"::se_source_orig runPnR.tcl"
    ("uplevel" body line 1)
    invoked from within
"uplevel [concat ::se_source_orig $args]"
    invoked from within
"if {[::SE::source_verbose_file_state $file_name] == 1} {
              ::SE::source_verbose_start $file_name
              set st [uplevel [concat ::s..."
    invoked from within
"if {$useTclVerbose} {
          # use tcl internal method
          set st ""
          if {[::SE::source_verbose_file_state $file_name] == 1} {
     ..."
    invoked from within
"if {$largeFile == 1} {
    if {$enableVerbose == 0 && [::SE::isEchoFile] == 1} {
      $putCmd "Sourcing $file_name"
    }
    set st [uplevel [concat..."
    (procedure "source" line 157)
    invoked from within
"source runPnR.tcl"
    invoked from within
"::se::run_command_from_console "source runPnR.tcl""
    invoked from within
"eval_novus {::se::run_command_from_console "source runPnR.tcl"}"
    (in namespace inscope "::" script line 1)
    invoked from within
"namespace inscope :: eval_novus "::se::run_command_from_console \"source $fileName\""".
@innovus 2> gui_select -point {0.04600 0.04000}
@innovus 3> set_db timing_analysis_type ocv

1 ocv
@innovus 4> time_design -post_route 
**ERROR: (IMPOPT-6029):	Timing Library is not loaded yet.


@innovus 5> exit


*** Memory Usage v#1 (Current mem = 1005.234M, initial mem = 492.863M) ***
*** Message Summary: 0 warning(s), 5 error(s)

--- Ending "Innovus" (totcpu=0:01:10, real=0:05:02, mem=1005.2M) ---
